<?xml version="1.0" encoding="UTF-8"?>
<!-- Generated by org.testng.reporters.JUnitReportReporter -->
<testsuite hostname="Deepak" failures="0" tests="1" name="Chain_of_Responsibility_Pattern_2_Behavioral_Patterns.PreconditionTest" time="0.008" errors="0" timestamp="2025-08-11T12:05:45 IST" skipped="0">
  <testcase classname="Chain_of_Responsibility_Pattern_2_Behavioral_Patterns.PreconditionTest" name="testApiCall" time="0.008"/>
</testsuite> <!-- Chain_of_Responsibility_Pattern_2_Behavioral_Patterns.PreconditionTest -->
