<?xml version="1.0" encoding="UTF-8"?>
<!-- Generated by org.testng.reporters.JUnitReportReporter -->
<testsuite hostname="Deepak" failures="0" tests="3" name="Data_Driven_Framework_3_Structural_Patterns.LoginTest" time="0.031" errors="0" timestamp="2025-08-12T15:16:32 IST" skipped="0">
  <testcase classname="Data_Driven_Framework_3_Structural_Patterns.LoginTest" name="testLogin" time="0.003"/>
  <testcase classname="Data_Driven_Framework_3_Structural_Patterns.LoginTest" name="testLogin" time="0.026"/>
  <testcase classname="Data_Driven_Framework_3_Structural_Patterns.LoginTest" name="testLogin" time="0.002"/>
</testsuite> <!-- Data_Driven_Framework_3_Structural_Patterns.LoginTest -->
